[0.572s] Invoking command in '/src/motion_recognition': PYTHONPATH=/src/install/motion_recognition/lib/python3.8/site-packages:${PYTHONPATH} /usr/bin/python3 setup.py egg_info --egg-base ../build/motion_recognition build --build-base /src/build/motion_recognition/build install --prefix /src/install/motion_recognition --record /src/build/motion_recognition/install.log --single-version-externally-managed
[0.754s] running egg_info
[0.755s] writing ../build/motion_recognition/motion_recognition.egg-info/PKG-INFO
[0.755s] writing dependency_links to ../build/motion_recognition/motion_recognition.egg-info/dependency_links.txt
[0.755s] writing entry points to ../build/motion_recognition/motion_recognition.egg-info/entry_points.txt
[0.755s] writing requirements to ../build/motion_recognition/motion_recognition.egg-info/requires.txt
[0.755s] writing top-level names to ../build/motion_recognition/motion_recognition.egg-info/top_level.txt
[0.785s] reading manifest file '../build/motion_recognition/motion_recognition.egg-info/SOURCES.txt'
[0.786s] writing manifest file '../build/motion_recognition/motion_recognition.egg-info/SOURCES.txt'
[0.786s] running build
[0.786s] running build_py
[0.786s] copying motion_recognition/motion_recognition.py -> /src/build/motion_recognition/build/lib/motion_recognition
[0.786s] running install
[0.787s] running install_lib
[0.787s] copying /src/build/motion_recognition/build/lib/motion_recognition/motion_recognition.py -> /src/install/motion_recognition/lib/python3.8/site-packages/motion_recognition
[0.788s] byte-compiling /src/install/motion_recognition/lib/python3.8/site-packages/motion_recognition/motion_recognition.py to motion_recognition.cpython-38.pyc
[0.789s] running install_data
[0.790s] running install_egg_info
[0.791s] removing '/src/install/motion_recognition/lib/python3.8/site-packages/motion_recognition-0.0.0-py3.8.egg-info' (and everything under it)
[0.792s] Copying ../build/motion_recognition/motion_recognition.egg-info to /src/install/motion_recognition/lib/python3.8/site-packages/motion_recognition-0.0.0-py3.8.egg-info
[0.792s] running install_scripts
[0.807s] Installing motion_recognition script to /src/install/motion_recognition/lib/motion_recognition
[0.807s] writing list of installed files to '/src/build/motion_recognition/install.log'
[0.833s] Invoked command in '/src/motion_recognition' returned '0': PYTHONPATH=/src/install/motion_recognition/lib/python3.8/site-packages:${PYTHONPATH} /usr/bin/python3 setup.py egg_info --egg-base ../build/motion_recognition build --build-base /src/build/motion_recognition/build install --prefix /src/install/motion_recognition --record /src/build/motion_recognition/install.log --single-version-externally-managed
